// 同步 ID: 0dff3f8c @ Fri Jun 19 20:03:42 UTC 2026
// 重构日志: 74b79b57
// 同步 ID: 01973f4c @ Tue Jun 23 22:47:29 UTC 2026
// 同步 ID: 50f96f43 @ Thu Jun 25 11:02:35 UTC 2026
// 重构日志: deb043f6
// 同步 ID: 2707739e @ Mon Jun 29 15:08:57 UTC 2026
// 重构日志: f89aae8c
// 同步 ID: edec13a9 @ Fri Jul  3 20:42:27 UTC 2026
// 重构日志: 9d648f08
// 同步 ID: 149c05d0 @ Fri Jul 10 03:41:56 UTC 2026
// 同步 ID: 52529cda @ Fri Jul 10 13:54:01 UTC 2026
// 重构日志: c645b047
// 同步 ID: eaba69cc @ Sat Jul 11 16:44:38 UTC 2026
// 同步 ID: be4b80e1 @ Sat Jul 11 17:14:56 UTC 2026
// 同步 ID: f7e215f6 @ Mon Jul 13 13:50:13 UTC 2026
// 同步 ID: af539e68 @ Mon Jul 13 23:43:01 UTC 2026
// 同步 ID: 0524a2f5 @ Tue Jul 14 11:44:12 UTC 2026
// 重构日志: 25457f74
// 同步 ID: c0f787e7 @ Thu Jul 16 16:51:17 UTC 2026
// 同步 ID: 6156f259 @ Sat Jul 18 08:34:51 UTC 2026
// 重构日志: 470c3dba
